<?xml version="1.0" encoding="UTF-8"?>
<!-- Generated by org.testng.reporters.JUnitReportReporter -->
<testsuite hostname="DESKTOP-QA9T83L" failures="0" tests="1" name="Scripts.TestCase1" time="9.206" errors="0" timestamp="2023-10-11T21:10:11 IST" skipped="0">
  <testcase classname="Scripts.TestCase1" name="tc1" time="9.206"/>
</testsuite> <!-- Scripts.TestCase1 -->
